hal9000_redis_1 is up-to-date
hal9000_bot_1 is up-to-date
Attaching to hal9000_redis_1, hal9000_bot_1
[36mredis_1 | [0m1:C 04 Apr 18:28:17.690 # Warning: no config file specified, using the default config. In order to specify a config file use redis-server /path/to/redis.conf
[36mredis_1 | [0m                _._                                                  
[36mredis_1 | [0m           _.-``__ ''-._                                             
[36mredis_1 | [0m      _.-``    `.  `_.  ''-._           Redis 3.0.7 (00000000/0) 64 bit
[36mredis_1 | [0m  .-`` .-```.  ```\/    _.,_ ''-._                                   
[36mredis_1 | [0m (    '      ,       .-`  | `,    )     Running in standalone mode
[36mredis_1 | [0m |`-._`-...-` __...-.``-._|'` _.-'|     Port: 6379
[36mredis_1 | [0m |    `-._   `._    /     _.-'    |     PID: 1
[36mredis_1 | [0m  `-._    `-._  `-./  _.-'    _.-'                                   
[36mredis_1 | [0m |`-._`-._    `-.__.-'    _.-'_.-'|                                  
[36mredis_1 | [0m |    `-._`-._        _.-'_.-'    |           http://redis.io        
[36mredis_1 | [0m  `-._    `-._`-.__.-'_.-'    _.-'                                   
[36mredis_1 | [0m |`-._`-._    `-.__.-'    _.-'_.-'|                                  
[36mredis_1 | [0m |    `-._`-._        _.-'_.-'    |                                  
[36mredis_1 | [0m  `-._    `-._`-.__.-'_.-'    _.-'                                   
[36mredis_1 | [0m      `-._    `-.__.-'    _.-'                                       
[36mredis_1 | [0m          `-._        _.-'                                           
[36mredis_1 | [0m              `-.__.-'                                               
[36mredis_1 | [0m
[36mredis_1 | [0m1:M 04 Apr 18:28:17.695 # WARNING: The TCP backlog setting of 511 cannot be enforced because /proc/sys/net/core/somaxconn is set to the lower value of 128.
[36mredis_1 | [0m1:M 04 Apr 18:28:17.695 # Server started, Redis version 3.0.7
[36mredis_1 | [0m1:M 04 Apr 18:28:17.695 # WARNING overcommit_memory is set to 0! Background save may fail under low memory condition. To fix this issue add 'vm.overcommit_memory = 1' to /etc/sysctl.conf and then reboot or run the command 'sysctl vm.overcommit_memory=1' for this to take effect.
[36mredis_1 | [0m1:M 04 Apr 18:28:17.696 # WARNING you have Transparent Huge Pages (THP) support enabled in your kernel. This will create latency and memory usage issues with Redis. To fix this issue run the command 'echo never > /sys/kernel/mm/transparent_hugepage/enabled' as root, and add it to your /etc/rc.local in order to retain the setting after a reboot. Redis must be restarted after THP is disabled.
[36mredis_1 | [0m1:M 04 Apr 18:28:17.696 * The server is now ready to accept connections on port 6379
[36mredis_1 | [0m1:C 04 Apr 18:41:40.206 # Warning: no config file specified, using the default config. In order to specify a config file use redis-server /path/to/redis.conf
[36mredis_1 | [0m                _._                                                  
[36mredis_1 | [0m           _.-``__ ''-._                                             
[36mredis_1 | [0m      _.-``    `.  `_.  ''-._           Redis 3.0.7 (00000000/0) 64 bit
[36mredis_1 | [0m  .-`` .-```.  ```\/    _.,_ ''-._                                   
[36mredis_1 | [0m (    '      ,       .-`  | `,    )     Running in standalone mode
[36mredis_1 | [0m |`-._`-...-` __...-.``-._|'` _.-'|     Port: 6379
[36mredis_1 | [0m |    `-._   `._    /     _.-'    |     PID: 1
[36mredis_1 | [0m  `-._    `-._  `-./  _.-'    _.-'                                   
[36mredis_1 | [0m |`-._`-._    `-.__.-'    _.-'_.-'|                                  
[36mredis_1 | [0m |    `-._`-._        _.-'_.-'    |           http://redis.io        
[36mredis_1 | [0m  `-._    `-._`-.__.-'_.-'    _.-'                                   
[36mredis_1 | [0m |`-._`-._    `-.__.-'    _.-'_.-'|                                  
[36mredis_1 | [0m |    `-._`-._        _.-'_.-'    |                                  
[36mredis_1 | [0m  `-._    `-._`-.__.-'_.-'    _.-'                                   
[36mredis_1 | [0m      `-._    `-.__.-'    _.-'                                       
[36mredis_1 | [0m          `-._        _.-'                                           
[36mredis_1 | [0m              `-.__.-'                                               
[36mredis_1 | [0m
[36mredis_1 | [0m1:M 04 Apr 18:41:40.233 # WARNING: The TCP backlog setting of 511 cannot be enforced because /proc/sys/net/core/somaxconn is set to the lower value of 128.
[36mredis_1 | [0m1:M 04 Apr 18:41:40.233 # Server started, Redis version 3.0.7
[36mredis_1 | [0m1:M 04 Apr 18:41:40.234 # WARNING overcommit_memory is set to 0! Background save may fail under low memory condition. To fix this issue add 'vm.overcommit_memory = 1' to /etc/sysctl.conf and then reboot or run the command 'sysctl vm.overcommit_memory=1' for this to take effect.
[36mredis_1 | [0m1:M 04 Apr 18:41:40.234 # WARNING you have Transparent Huge Pages (THP) support enabled in your kernel. This will create latency and memory usage issues with Redis. To fix this issue run the command 'echo never > /sys/kernel/mm/transparent_hugepage/enabled' as root, and add it to your /etc/rc.local in order to retain the setting after a reboot. Redis must be restarted after THP is disabled.
[36mredis_1 | [0m1:M 04 Apr 18:41:40.234 * The server is now ready to accept connections on port 6379
[36mredis_1 | [0m1:C 04 Apr 20:00:39.289 # Warning: no config file specified, using the default config. In order to specify a config file use redis-server /path/to/redis.conf
[36mredis_1 | [0m                _._                                                  
[36mredis_1 | [0m           _.-``__ ''-._                                             
[36mredis_1 | [0m      _.-``    `.  `_.  ''-._           Redis 3.0.7 (00000000/0) 64 bit
[36mredis_1 | [0m  .-`` .-```.  ```\/    _.,_ ''-._                                   
[36mredis_1 | [0m (    '      ,       .-`  | `,    )     Running in standalone mode
[36mredis_1 | [0m |`-._`-...-` __...-.``-._|'` _.-'|     Port: 6379
[36mredis_1 | [0m |    `-._   `._    /     _.-'    |     PID: 1
[36mredis_1 | [0m  `-._    `-._  `-./  _.-'    _.-'                                   
[36mredis_1 | [0m |`-._`-._    `-.__.-'    _.-'_.-'|                                  
[36mredis_1 | [0m |    `-._`-._        _.-'_.-'    |           http://redis.io        
[36mredis_1 | [0m  `-._    `-._`-.__.-'_.-'    _.-'                                   
[36mredis_1 | [0m |`-._`-._    `-.__.-'    _.-'_.-'|                                  
[36mredis_1 | [0m |    `-._`-._        _.-'_.-'    |                                  
[36mredis_1 | [0m  `-._    `-._`-.__.-'_.-'    _.-'                                   
[36mredis_1 | [0m      `-._    `-.__.-'    _.-'                                       
[36mredis_1 | [0m          `-._        _.-'                                           
[36mredis_1 | [0m              `-.__.-'                                               
[36mredis_1 | [0m
[36mredis_1 | [0m1:M 04 Apr 20:00:39.291 # WARNING: The TCP backlog setting of 511 cannot be enforced because /proc/sys/net/core/somaxconn is set to the lower value of 128.
[36mredis_1 | [0m1:M 04 Apr 20:00:39.291 # Server started, Redis version 3.0.7
[36mredis_1 | [0m1:M 04 Apr 20:00:39.291 # WARNING overcommit_memory is set to 0! Background save may fail under low memory condition. To fix this issue add 'vm.overcommit_memory = 1' to /etc/sysctl.conf and then reboot or run the command 'sysctl vm.overcommit_memory=1' for this to take effect.
[36mredis_1 | [0m1:M 04 Apr 20:00:39.291 # WARNING you have Transparent Huge Pages (THP) support enabled in your kernel. This will create latency and memory usage issues with Redis. To fix this issue run the command 'echo never > /sys/kernel/mm/transparent_hugepage/enabled' as root, and add it to your /etc/rc.local in order to retain the setting after a reboot. Redis must be restarted after THP is disabled.
[36mredis_1 | [0m1:M 04 Apr 20:00:39.291 * The server is now ready to accept connections on port 6379
[36mredis_1 | [0m1:signal-handler (1459800125) Received SIGTERM scheduling shutdown...
[36mredis_1 | [0m1:M 04 Apr 20:02:05.207 # User requested shutdown...
[36mredis_1 | [0m1:M 04 Apr 20:02:05.207 * Saving the final RDB snapshot before exiting.
[36mredis_1 | [0m1:M 04 Apr 20:02:05.210 * DB saved on disk
[36mredis_1 | [0m1:M 04 Apr 20:02:05.210 # Redis is now ready to exit, bye bye...
[36mredis_1 | [0m1:C 04 Apr 20:06:15.387 # Warning: no config file specified, using the default config. In order to specify a config file use redis-server /path/to/redis.conf
[36mredis_1 | [0m                _._                                                  
[36mredis_1 | [0m           _.-``__ ''-._                                             
[36mredis_1 | [0m      _.-``    `.  `_.  ''-._           Redis 3.0.7 (00000000/0) 64 bit
[36mredis_1 | [0m  .-`` .-```.  ```\/    _.,_ ''-._                                   
[36mredis_1 | [0m (    '      ,       .-`  | `,    )     Running in standalone mode
[36mredis_1 | [0m |`-._`-...-` __...-.``-._|'` _.-'|     Port: 6379
[36mredis_1 | [0m |    `-._   `._    /     _.-'    |     PID: 1
[36mredis_1 | [0m  `-._    `-._  `-./  _.-'    _.-'                                   
[36mredis_1 | [0m |`-._`-._    `-.__.-'    _.-'_.-'|                                  
[36mredis_1 | [0m |    `-._`-._        _.-'_.-'    |           http://redis.io        
[36mredis_1 | [0m  `-._    `-._`-.__.-'_.-'    _.-'                                   
[36mredis_1 | [0m |`-._`-._    `-.__.-'    _.-'_.-'|                                  
[36mredis_1 | [0m |    `-._`-._        _.-'_.-'    |                                  
[36mredis_1 | [0m  `-._    `-._`-.__.-'_.-'    _.-'                                   
[36mredis_1 | [0m      `-._    `-.__.-'    _.-'                                       
[36mredis_1 | [0m          `-._        _.-'                                           
[36mredis_1 | [0m              `-.__.-'                                               
[36mredis_1 | [0m
[36mredis_1 | [0m1:M 04 Apr 20:06:15.391 # WARNING: The TCP backlog setting of 511 cannot be enforced because /proc/sys/net/core/somaxconn is set to the lower value of 128.
[36mredis_1 | [0m1:M 04 Apr 20:06:15.391 # Server started, Redis version 3.0.7
[36mredis_1 | [0m1:M 04 Apr 20:06:15.391 # WARNING overcommit_memory is set to 0! Background save may fail under low memory condition. To fix this issue add 'vm.overcommit_memory = 1' to /etc/sysctl.conf and then reboot or run the command 'sysctl vm.overcommit_memory=1' for this to take effect.
[36mredis_1 | [0m1:M 04 Apr 20:06:15.392 # WARNING you have Transparent Huge Pages (THP) support enabled in your kernel. This will create latency and memory usage issues with Redis. To fix this issue run the command 'echo never > /sys/kernel/mm/transparent_hugepage/enabled' as root, and add it to your /etc/rc.local in order to retain the setting after a reboot. Redis must be restarted after THP is disabled.
[36mredis_1 | [0m1:M 04 Apr 20:06:15.397 * DB loaded from disk: 0.006 seconds
[36mredis_1 | [0m1:M 04 Apr 20:06:15.397 * The server is now ready to accept connections on port 6379
[36mredis_1 | [0m1:signal-handler (1459805127) Received SIGTERM scheduling shutdown...
[36mredis_1 | [0m1:M 04 Apr 21:25:27.593 # User requested shutdown...
[36mredis_1 | [0m1:M 04 Apr 21:25:27.593 * Saving the final RDB snapshot before exiting.
[36mredis_1 | [0m1:M 04 Apr 21:25:27.596 * DB saved on disk
[36mredis_1 | [0m1:M 04 Apr 21:25:27.596 # Redis is now ready to exit, bye bye...
[36mredis_1 | [0m1:C 06 Apr 21:32:25.288 # Warning: no config file specified, using the default config. In order to specify a config file use redis-server /path/to/redis.conf
[36mredis_1 | [0m                _._                                                  
[36mredis_1 | [0m           _.-``__ ''-._                                             
[36mredis_1 | [0m      _.-``    `.  `_.  ''-._           Redis 3.0.7 (00000000/0) 64 bit
[36mredis_1 | [0m  .-`` .-```.  ```\/    _.,_ ''-._                                   
[36mredis_1 | [0m (    '      ,       .-`  | `,    )     Running in standalone mode
[36mredis_1 | [0m |`-._`-...-` __...-.``-._|'` _.-'|     Port: 6379
[36mredis_1 | [0m |    `-._   `._    /     _.-'    |     PID: 1
[33mbot_1   | [0m/usr/local/bundle/bin/lita:16:in `load': /app/plugins/lita-zabbix/lib/lita/handlers/zabbix.rb:210: syntax error, unexpected tIDENTIFIER (SyntaxError)
[36mredis_1 | [0m  `-._    `-._  `-./  _.-'    _.-'                                   
[36mredis_1 | [0m |`-._`-._    `-.__.-'    _.-'_.-'|                                  
[33mbot_1   | [0m...enter:, error_msg:, status_room, pagerduty_alert)
[36mredis_1 | [0m |    `-._`-._        _.-'_.-'    |           http://redis.io        
[33mbot_1   | [0m...                               ^
[36mredis_1 | [0m  `-._    `-._`-.__.-'_.-'    _.-'                                   
[33mbot_1   | [0m/app/plugins/lita-zabbix/lib/lita/handlers/zabbix.rb:210: syntax error, unexpected ')', expecting '='
[33mbot_1   | [0m/app/plugins/lita-zabbix/lib/lita/handlers/zabbix.rb:230: syntax error, unexpected keyword_end, expecting end-of-input
[33mbot_1   | [0m	from /usr/local/bundle/bin/lita:16:in `<main>'
[36mredis_1 | [0m |`-._`-._    `-.__.-'    _.-'_.-'|                                  
[36mredis_1 | [0m |    `-._`-._        _.-'_.-'    |                                  
[36mredis_1 | [0m  `-._    `-._`-.__.-'_.-'    _.-'                                   
[33mbot_1   | [0m/usr/local/lib/ruby/gems/2.3.0/gems/bundler-1.11.2/lib/bundler/runtime.rb:80:in `rescue in block (2 levels) in require': There was an error while trying to load the gem 'lita-zabbix'. (Bundler::GemRequireError)
[33mbot_1   | [0m	from /usr/local/lib/ruby/gems/2.3.0/gems/bundler-1.11.2/lib/bundler/runtime.rb:76:in `block (2 levels) in require'
[33mbot_1   | [0m	from /usr/local/lib/ruby/gems/2.3.0/gems/bundler-1.11.2/lib/bundler/runtime.rb:72:in `each'
[33mbot_1   | [0m	from /usr/local/lib/ruby/gems/2.3.0/gems/bundler-1.11.2/lib/bundler/runtime.rb:72:in `block in require'
[36mredis_1 | [0m      `-._    `-.__.-'    _.-'                                       
[33mbot_1   | [0m	from /usr/local/lib/ruby/gems/2.3.0/gems/bundler-1.11.2/lib/bundler/runtime.rb:61:in `each'
[33mbot_1   | [0m	from /usr/local/lib/ruby/gems/2.3.0/gems/bundler-1.11.2/lib/bundler/runtime.rb:61:in `require'
[36mredis_1 | [0m          `-._        _.-'                                           
[33mbot_1   | [0m	from /usr/local/lib/ruby/gems/2.3.0/gems/bundler-1.11.2/lib/bundler.rb:99:in `require'
[33mbot_1   | [0m	from /usr/local/bundle/gems/lita-4.7.0/lib/lita/cli.rb:61:in `start'
[36mredis_1 | [0m              `-.__.-'                                               
[33mbot_1   | [0m	from /usr/local/bundle/gems/thor-0.19.1/lib/thor/command.rb:27:in `run'
[36mredis_1 | [0m
[33mbot_1   | [0m	from /usr/local/bundle/gems/thor-0.19.1/lib/thor/invocation.rb:126:in `invoke_command'
[36mredis_1 | [0m1:M 06 Apr 21:32:25.293 # WARNING: The TCP backlog setting of 511 cannot be enforced because /proc/sys/net/core/somaxconn is set to the lower value of 128.
[33mbot_1   | [0m	from /usr/local/bundle/gems/thor-0.19.1/lib/thor.rb:359:in `dispatch'
[33mbot_1   | [0m	from /usr/local/bundle/gems/thor-0.19.1/lib/thor/base.rb:440:in `start'
[33mbot_1   | [0m	from /usr/local/bundle/gems/lita-4.7.0/bin/lita:6:in `<top (required)>'
[36mredis_1 | [0m1:M 06 Apr 21:32:25.293 # Server started, Redis version 3.0.7
[33mbot_1   | [0m	from /usr/local/bundle/bin/lita:16:in `load'
[36mredis_1 | [0m1:M 06 Apr 21:32:25.293 # WARNING overcommit_memory is set to 0! Background save may fail under low memory condition. To fix this issue add 'vm.overcommit_memory = 1' to /etc/sysctl.conf and then reboot or run the command 'sysctl vm.overcommit_memory=1' for this to take effect.
[33mbot_1   | [0m	from /usr/local/bundle/bin/lita:16:in `<main>'
[36mredis_1 | [0m1:M 06 Apr 21:32:25.293 # WARNING you have Transparent Huge Pages (THP) support enabled in your kernel. This will create latency and memory usage issues with Redis. To fix this issue run the command 'echo never > /sys/kernel/mm/transparent_hugepage/enabled' as root, and add it to your /etc/rc.local in order to retain the setting after a reboot. Redis must be restarted after THP is disabled.
[33mbot_1   | [0m/usr/local/lib/ruby/gems/2.3.0/gems/bundler-1.11.2/lib/bundler/runtime.rb:80:in `rescue in block (2 levels) in require': There was an error while trying to load the gem 'lita-zabbix'. (Bundler::GemRequireError)
[33mbot_1   | [0m	from /usr/local/lib/ruby/gems/2.3.0/gems/bundler-1.11.2/lib/bundler/runtime.rb:76:in `block (2 levels) in require'
[36mredis_1 | [0m1:M 06 Apr 21:32:25.299 * DB loaded from disk: 0.005 seconds
[33mbot_1   | [0m	from /usr/local/lib/ruby/gems/2.3.0/gems/bundler-1.11.2/lib/bundler/runtime.rb:72:in `each'
[36mredis_1 | [0m1:M 06 Apr 21:32:25.299 * The server is now ready to accept connections on port 6379
[33mbot_1   | [0m	from /usr/local/lib/ruby/gems/2.3.0/gems/bundler-1.11.2/lib/bundler/runtime.rb:72:in `block in require'
[36mredis_1 | [0m1:C 07 Apr 02:51:21.451 # Warning: no config file specified, using the default config. In order to specify a config file use redis-server /path/to/redis.conf
[36mredis_1 | [0m                _._                                                  
[33mbot_1   | [0m	from /usr/local/lib/ruby/gems/2.3.0/gems/bundler-1.11.2/lib/bundler/runtime.rb:61:in `each'
[36mredis_1 | [0m           _.-``__ ''-._                                             
[33mbot_1   | [0m	from /usr/local/lib/ruby/gems/2.3.0/gems/bundler-1.11.2/lib/bundler/runtime.rb:61:in `require'
[36mredis_1 | [0m      _.-``    `.  `_.  ''-._           Redis 3.0.7 (00000000/0) 64 bit
[36mredis_1 | [0m  .-`` .-```.  ```\/    _.,_ ''-._                                   
[33mbot_1   | [0m	from /usr/local/lib/ruby/gems/2.3.0/gems/bundler-1.11.2/lib/bundler.rb:99:in `require'
[36mredis_1 | [0m (    '      ,       .-`  | `,    )     Running in standalone mode
[36mredis_1 | [0m |`-._`-...-` __...-.``-._|'` _.-'|     Port: 6379
[36mredis_1 | [0m |    `-._   `._    /     _.-'    |     PID: 1
[33mbot_1   | [0m	from /usr/local/bundle/gems/lita-4.7.0/lib/lita/cli.rb:61:in `start'
[36mredis_1 | [0m  `-._    `-._  `-./  _.-'    _.-'                                   
[36mredis_1 | [0m |`-._`-._    `-.__.-'    _.-'_.-'|                                  
[33mbot_1   | [0m	from /usr/local/bundle/gems/thor-0.19.1/lib/thor/command.rb:27:in `run'
[33mbot_1   | [0m	from /usr/local/bundle/gems/thor-0.19.1/lib/thor/invocation.rb:126:in `invoke_command'
[36mredis_1 | [0m |    `-._`-._        _.-'_.-'    |           http://redis.io        
[33mbot_1   | [0m	from /usr/local/bundle/gems/thor-0.19.1/lib/thor.rb:359:in `dispatch'
[33mbot_1   | [0m	from /usr/local/bundle/gems/thor-0.19.1/lib/thor/base.rb:440:in `start'
[33mbot_1   | [0m	from /usr/local/bundle/gems/lita-4.7.0/bin/lita:6:in `<top (required)>'
[36mredis_1 | [0m  `-._    `-._`-.__.-'_.-'    _.-'                                   
[33mbot_1   | [0m	from /usr/local/bundle/bin/lita:16:in `load'
[36mredis_1 | [0m |`-._`-._    `-.__.-'    _.-'_.-'|                                  
[36mredis_1 | [0m |    `-._`-._        _.-'_.-'    |                                  
[33mbot_1   | [0m	from /usr/local/bundle/bin/lita:16:in `<main>'
[33mbot_1   | [0m/usr/local/lib/ruby/gems/2.3.0/gems/bundler-1.11.2/lib/bundler/runtime.rb:80:in `rescue in block (2 levels) in require': There was an error while trying to load the gem 'lita-zabbix'. (Bundler::GemRequireError)
[33mbot_1   | [0m	from /usr/local/lib/ruby/gems/2.3.0/gems/bundler-1.11.2/lib/bundler/runtime.rb:76:in `block (2 levels) in require'
[36mredis_1 | [0m  `-._    `-._`-.__.-'_.-'    _.-'                                   
[36mredis_1 | [0m      `-._    `-.__.-'    _.-'                                       
[33mbot_1   | [0m	from /usr/local/lib/ruby/gems/2.3.0/gems/bundler-1.11.2/lib/bundler/runtime.rb:72:in `each'
[36mredis_1 | [0m          `-._        _.-'                                           
[33mbot_1   | [0m	from /usr/local/lib/ruby/gems/2.3.0/gems/bundler-1.11.2/lib/bundler/runtime.rb:72:in `block in require'
[33mbot_1   | [0m	from /usr/local/lib/ruby/gems/2.3.0/gems/bundler-1.11.2/lib/bundler/runtime.rb:61:in `each'
[36mredis_1 | [0m              `-.__.-'                                               
[36mredis_1 | [0m
[33mbot_1   | [0m	from /usr/local/lib/ruby/gems/2.3.0/gems/bundler-1.11.2/lib/bundler/runtime.rb:61:in `require'
[36mredis_1 | [0m1:M 07 Apr 02:51:21.456 # WARNING: The TCP backlog setting of 511 cannot be enforced because /proc/sys/net/core/somaxconn is set to the lower value of 128.
[36mredis_1 | [0m1:M 07 Apr 02:51:21.456 # Server started, Redis version 3.0.7
[33mbot_1   | [0m	from /usr/local/lib/ruby/gems/2.3.0/gems/bundler-1.11.2/lib/bundler.rb:99:in `require'
[36mredis_1 | [0m1:M 07 Apr 02:51:21.456 # WARNING overcommit_memory is set to 0! Background save may fail under low memory condition. To fix this issue add 'vm.overcommit_memory = 1' to /etc/sysctl.conf and then reboot or run the command 'sysctl vm.overcommit_memory=1' for this to take effect.
[36mredis_1 | [0m1:M 07 Apr 02:51:21.456 # WARNING you have Transparent Huge Pages (THP) support enabled in your kernel. This will create latency and memory usage issues with Redis. To fix this issue run the command 'echo never > /sys/kernel/mm/transparent_hugepage/enabled' as root, and add it to your /etc/rc.local in order to retain the setting after a reboot. Redis must be restarted after THP is disabled.
[33mbot_1   | [0m	from /usr/local/bundle/gems/lita-4.7.0/lib/lita/cli.rb:61:in `start'
[36mredis_1 | [0m1:M 07 Apr 02:51:21.462 * DB loaded from disk: 0.005 seconds
[33mbot_1   | [0m	from /usr/local/bundle/gems/thor-0.19.1/lib/thor/command.rb:27:in `run'
[36mredis_1 | [0m1:M 07 Apr 02:51:21.462 * The server is now ready to accept connections on port 6379
[36mredis_1 | [0m1:C 07 Apr 18:01:30.423 # Warning: no config file specified, using the default config. In order to specify a config file use redis-server /path/to/redis.conf
[36mredis_1 | [0m                _._                                                  
[33mbot_1   | [0m	from /usr/local/bundle/gems/thor-0.19.1/lib/thor/invocation.rb:126:in `invoke_command'
[36mredis_1 | [0m           _.-``__ ''-._                                             
[36mredis_1 | [0m      _.-``    `.  `_.  ''-._           Redis 3.0.7 (00000000/0) 64 bit
[33mbot_1   | [0m	from /usr/local/bundle/gems/thor-0.19.1/lib/thor.rb:359:in `dispatch'
[36mredis_1 | [0m  .-`` .-```.  ```\/    _.,_ ''-._                                   
[36mredis_1 | [0m (    '      ,       .-`  | `,    )     Running in standalone mode
[36mredis_1 | [0m |`-._`-...-` __...-.``-._|'` _.-'|     Port: 6379
[33mbot_1   | [0m	from /usr/local/bundle/gems/thor-0.19.1/lib/thor/base.rb:440:in `start'
[33mbot_1   | [0m	from /usr/local/bundle/gems/lita-4.7.0/bin/lita:6:in `<top (required)>'
[36mredis_1 | [0m |    `-._   `._    /     _.-'    |     PID: 1
[33mbot_1   | [0m	from /usr/local/bundle/bin/lita:16:in `load'
[36mredis_1 | [0m  `-._    `-._  `-./  _.-'    _.-'                                   
[33mbot_1   | [0m	from /usr/local/bundle/bin/lita:16:in `<main>'
[36mredis_1 | [0m |`-._`-._    `-.__.-'    _.-'_.-'|                                  
[33mbot_1   | [0m/usr/local/lib/ruby/gems/2.3.0/gems/bundler-1.11.2/lib/bundler/runtime.rb:80:in `rescue in block (2 levels) in require': There was an error while trying to load the gem 'lita-zabbix'. (Bundler::GemRequireError)
[33mbot_1   | [0m	from /usr/local/lib/ruby/gems/2.3.0/gems/bundler-1.11.2/lib/bundler/runtime.rb:76:in `block (2 levels) in require'
[36mredis_1 | [0m |    `-._`-._        _.-'_.-'    |           http://redis.io        
[33mbot_1   | [0m	from /usr/local/lib/ruby/gems/2.3.0/gems/bundler-1.11.2/lib/bundler/runtime.rb:72:in `each'
[36mredis_1 | [0m  `-._    `-._`-.__.-'_.-'    _.-'                                   
[33mbot_1   | [0m	from /usr/local/lib/ruby/gems/2.3.0/gems/bundler-1.11.2/lib/bundler/runtime.rb:72:in `block in require'
[33mbot_1   | [0m	from /usr/local/lib/ruby/gems/2.3.0/gems/bundler-1.11.2/lib/bundler/runtime.rb:61:in `each'
[33mbot_1   | [0m	from /usr/local/lib/ruby/gems/2.3.0/gems/bundler-1.11.2/lib/bundler/runtime.rb:61:in `require'
[36mredis_1 | [0m |`-._`-._    `-.__.-'    _.-'_.-'|                                  
[33mbot_1   | [0m	from /usr/local/lib/ruby/gems/2.3.0/gems/bundler-1.11.2/lib/bundler.rb:99:in `require'
[36mredis_1 | [0m |    `-._`-._        _.-'_.-'    |                                  
[36mredis_1 | [0m  `-._    `-._`-.__.-'_.-'    _.-'                                   
[33mbot_1   | [0m	from /usr/local/bundle/gems/lita-4.7.0/lib/lita/cli.rb:61:in `start'
[36mredis_1 | [0m      `-._    `-.__.-'    _.-'                                       
[33mbot_1   | [0m	from /usr/local/bundle/gems/thor-0.19.1/lib/thor/command.rb:27:in `run'
[33mbot_1   | [0m	from /usr/local/bundle/gems/thor-0.19.1/lib/thor/invocation.rb:126:in `invoke_command'
[33mbot_1   | [0m	from /usr/local/bundle/gems/thor-0.19.1/lib/thor.rb:359:in `dispatch'
[36mredis_1 | [0m          `-._        _.-'                                           
[33mbot_1   | [0m	from /usr/local/bundle/gems/thor-0.19.1/lib/thor/base.rb:440:in `start'
[36mredis_1 | [0m              `-.__.-'                                               
[33mbot_1   | [0m	from /usr/local/bundle/gems/lita-4.7.0/bin/lita:6:in `<top (required)>'
[33mbot_1   | [0m	from /usr/local/bundle/bin/lita:16:in `load'
[33mbot_1   | [0m	from /usr/local/bundle/bin/lita:16:in `<main>'
[36mredis_1 | [0m
[33mbot_1   | [0m/usr/local/lib/ruby/gems/2.3.0/gems/bundler-1.11.2/lib/bundler/runtime.rb:80:in `rescue in block (2 levels) in require': There was an error while trying to load the gem 'lita-zabbix'. (Bundler::GemRequireError)
[36mredis_1 | [0m1:M 07 Apr 18:01:30.426 # WARNING: The TCP backlog setting of 511 cannot be enforced because /proc/sys/net/core/somaxconn is set to the lower value of 128.
[33mbot_1   | [0m	from /usr/local/lib/ruby/gems/2.3.0/gems/bundler-1.11.2/lib/bundler/runtime.rb:76:in `block (2 levels) in require'
[33mbot_1   | [0m	from /usr/local/lib/ruby/gems/2.3.0/gems/bundler-1.11.2/lib/bundler/runtime.rb:72:in `each'
[36mredis_1 | [0m1:M 07 Apr 18:01:30.426 # Server started, Redis version 3.0.7
[33mbot_1   | [0m	from /usr/local/lib/ruby/gems/2.3.0/gems/bundler-1.11.2/lib/bundler/runtime.rb:72:in `block in require'
[36mredis_1 | [0m1:M 07 Apr 18:01:30.426 # WARNING overcommit_memory is set to 0! Background save may fail under low memory condition. To fix this issue add 'vm.overcommit_memory = 1' to /etc/sysctl.conf and then reboot or run the command 'sysctl vm.overcommit_memory=1' for this to take effect.
[36mredis_1 | [0m1:M 07 Apr 18:01:30.426 # WARNING you have Transparent Huge Pages (THP) support enabled in your kernel. This will create latency and memory usage issues with Redis. To fix this issue run the command 'echo never > /sys/kernel/mm/transparent_hugepage/enabled' as root, and add it to your /etc/rc.local in order to retain the setting after a reboot. Redis must be restarted after THP is disabled.
[36mredis_1 | [0m1:M 07 Apr 18:01:30.432 * DB loaded from disk: 0.006 seconds
[36mredis_1 | [0m1:M 07 Apr 18:01:30.432 * The server is now ready to accept connections on port 6379
[33mbot_1   | [0m	from /usr/local/lib/ruby/gems/2.3.0/gems/bundler-1.11.2/lib/bundler/runtime.rb:61:in `each'
[36mredis_1 | [0m1:signal-handler (1460052155) Received SIGTERM scheduling shutdown...
[33mbot_1   | [0m	from /usr/local/lib/ruby/gems/2.3.0/gems/bundler-1.11.2/lib/bundler/runtime.rb:61:in `require'
[36mredis_1 | [0m1:M 07 Apr 18:02:35.515 # User requested shutdown...
[33mbot_1   | [0m	from /usr/local/lib/ruby/gems/2.3.0/gems/bundler-1.11.2/lib/bundler.rb:99:in `require'
[36mredis_1 | [0m1:M 07 Apr 18:02:35.515 * Saving the final RDB snapshot before exiting.
[33mbot_1   | [0m	from /usr/local/bundle/gems/lita-4.7.0/lib/lita/cli.rb:61:in `start'
[36mredis_1 | [0m1:M 07 Apr 18:02:35.518 * DB saved on disk
[33mbot_1   | [0m	from /usr/local/bundle/gems/thor-0.19.1/lib/thor/command.rb:27:in `run'
[36mredis_1 | [0m1:M 07 Apr 18:02:35.518 # Redis is now ready to exit, bye bye...
[33mbot_1   | [0m	from /usr/local/bundle/gems/thor-0.19.1/lib/thor/invocation.rb:126:in `invoke_command'
[36mredis_1 | [0m1:C 07 Apr 18:05:52.680 # Warning: no config file specified, using the default config. In order to specify a config file use redis-server /path/to/redis.conf
[33mbot_1   | [0m	from /usr/local/bundle/gems/thor-0.19.1/lib/thor.rb:359:in `dispatch'
[36mredis_1 | [0m                _._                                                  
[33mbot_1   | [0m	from /usr/local/bundle/gems/thor-0.19.1/lib/thor/base.rb:440:in `start'
[36mredis_1 | [0m           _.-``__ ''-._                                             
[33mbot_1   | [0m	from /usr/local/bundle/gems/lita-4.7.0/bin/lita:6:in `<top (required)>'
[36mredis_1 | [0m      _.-``    `.  `_.  ''-._           Redis 3.0.7 (00000000/0) 64 bit
[36mredis_1 | [0m  .-`` .-```.  ```\/    _.,_ ''-._                                   
[36mredis_1 | [0m (    '      ,       .-`  | `,    )     Running in standalone mode
[33mbot_1   | [0m	from /usr/local/bundle/bin/lita:16:in `load'
[33mbot_1   | [0m	from /usr/local/bundle/bin/lita:16:in `<main>'
[36mredis_1 | [0m |`-._`-...-` __...-.``-._|'` _.-'|     Port: 6379
[33mbot_1   | [0m/usr/local/lib/ruby/gems/2.3.0/gems/bundler-1.11.2/lib/bundler/runtime.rb:80:in `rescue in block (2 levels) in require': There was an error while trying to load the gem 'lita-zabbix'. (Bundler::GemRequireError)
[36mredis_1 | [0m |    `-._   `._    /     _.-'    |     PID: 1
[33mbot_1   | [0m	from /usr/local/lib/ruby/gems/2.3.0/gems/bundler-1.11.2/lib/bundler/runtime.rb:76:in `block (2 levels) in require'
[33mbot_1   | [0m	from /usr/local/lib/ruby/gems/2.3.0/gems/bundler-1.11.2/lib/bundler/runtime.rb:72:in `each'
[36mredis_1 | [0m  `-._    `-._  `-./  _.-'    _.-'                                   
[33mbot_1   | [0m	from /usr/local/lib/ruby/gems/2.3.0/gems/bundler-1.11.2/lib/bundler/runtime.rb:72:in `block in require'
[33mbot_1   | [0m	from /usr/local/lib/ruby/gems/2.3.0/gems/bundler-1.11.2/lib/bundler/runtime.rb:61:in `each'
[36mredis_1 | [0m |`-._`-._    `-.__.-'    _.-'_.-'|                                  
[33mbot_1   | [0m	from /usr/local/lib/ruby/gems/2.3.0/gems/bundler-1.11.2/lib/bundler/runtime.rb:61:in `require'
[33mbot_1   | [0m	from /usr/local/lib/ruby/gems/2.3.0/gems/bundler-1.11.2/lib/bundler.rb:99:in `require'
[36mredis_1 | [0m |    `-._`-._        _.-'_.-'    |           http://redis.io        
[33mbot_1   | [0m	from /usr/local/bundle/gems/lita-4.7.0/lib/lita/cli.rb:61:in `start'
[33mbot_1   | [0m	from /usr/local/bundle/gems/thor-0.19.1/lib/thor/command.rb:27:in `run'
[33mbot_1   | [0m	from /usr/local/bundle/gems/thor-0.19.1/lib/thor/invocation.rb:126:in `invoke_command'
[36mredis_1 | [0m  `-._    `-._`-.__.-'_.-'    _.-'                                   
[33mbot_1   | [0m	from /usr/local/bundle/gems/thor-0.19.1/lib/thor.rb:359:in `dispatch'
[36mredis_1 | [0m |`-._`-._    `-.__.-'    _.-'_.-'|                                  
[36mredis_1 | [0m |    `-._`-._        _.-'_.-'    |                                  
[33mbot_1   | [0m	from /usr/local/bundle/gems/thor-0.19.1/lib/thor/base.rb:440:in `start'
[33mbot_1   | [0m	from /usr/local/bundle/gems/lita-4.7.0/bin/lita:6:in `<top (required)>'
[36mredis_1 | [0m  `-._    `-._`-.__.-'_.-'    _.-'                                   
[33mbot_1   | [0m	from /usr/local/bundle/bin/lita:16:in `load'
[36mredis_1 | [0m      `-._    `-.__.-'    _.-'                                       
[36mredis_1 | [0m          `-._        _.-'                                           
[33mbot_1   | [0m	from /usr/local/bundle/bin/lita:16:in `<main>'
[36mredis_1 | [0m              `-.__.-'                                               
[33mbot_1   | [0m/usr/local/lib/ruby/gems/2.3.0/gems/bundler-1.11.2/lib/bundler/runtime.rb:80:in `rescue in block (2 levels) in require': There was an error while trying to load the gem 'lita-zabbix'. (Bundler::GemRequireError)
[36mredis_1 | [0m
[33mbot_1   | [0m	from /usr/local/lib/ruby/gems/2.3.0/gems/bundler-1.11.2/lib/bundler/runtime.rb:76:in `block (2 levels) in require'
[36mredis_1 | [0m1:M 07 Apr 18:05:52.682 # WARNING: The TCP backlog setting of 511 cannot be enforced because /proc/sys/net/core/somaxconn is set to the lower value of 128.
[33mbot_1   | [0m	from /usr/local/lib/ruby/gems/2.3.0/gems/bundler-1.11.2/lib/bundler/runtime.rb:72:in `each'
[36mredis_1 | [0m1:M 07 Apr 18:05:52.682 # Server started, Redis version 3.0.7
[33mbot_1   | [0m	from /usr/local/lib/ruby/gems/2.3.0/gems/bundler-1.11.2/lib/bundler/runtime.rb:72:in `block in require'
[36mredis_1 | [0m1:M 07 Apr 18:05:52.682 # WARNING overcommit_memory is set to 0! Background save may fail under low memory condition. To fix this issue add 'vm.overcommit_memory = 1' to /etc/sysctl.conf and then reboot or run the command 'sysctl vm.overcommit_memory=1' for this to take effect.
[33mbot_1   | [0m	from /usr/local/lib/ruby/gems/2.3.0/gems/bundler-1.11.2/lib/bundler/runtime.rb:61:in `each'
[33mbot_1   | [0m	from /usr/local/lib/ruby/gems/2.3.0/gems/bundler-1.11.2/lib/bundler/runtime.rb:61:in `require'
[33mbot_1   | [0m	from /usr/local/lib/ruby/gems/2.3.0/gems/bundler-1.11.2/lib/bundler.rb:99:in `require'
[36mredis_1 | [0m1:M 07 Apr 18:05:52.682 # WARNING you have Transparent Huge Pages (THP) support enabled in your kernel. This will create latency and memory usage issues with Redis. To fix this issue run the command 'echo never > /sys/kernel/mm/transparent_hugepage/enabled' as root, and add it to your /etc/rc.local in order to retain the setting after a reboot. Redis must be restarted after THP is disabled.
[33mbot_1   | [0m	from /usr/local/bundle/gems/lita-4.7.0/lib/lita/cli.rb:61:in `start'
[36mredis_1 | [0m1:M 07 Apr 18:05:52.682 * DB loaded from disk: 0.000 seconds
[36mredis_1 | [0m1:M 07 Apr 18:05:52.682 * The server is now ready to accept connections on port 6379
[33mbot_1   | [0m	from /usr/local/bundle/gems/thor-0.19.1/lib/thor/command.rb:27:in `run'
[36mredis_1 | [0m1:C 07 Apr 23:05:42.697 # Warning: no config file specified, using the default config. In order to specify a config file use redis-server /path/to/redis.conf
[33mbot_1   | [0m	from /usr/local/bundle/gems/thor-0.19.1/lib/thor/invocation.rb:126:in `invoke_command'
[36mredis_1 | [0m                _._                                                  
[36mredis_1 | [0m           _.-``__ ''-._                                             
[36mredis_1 | [0m      _.-``    `.  `_.  ''-._           Redis 3.0.7 (00000000/0) 64 bit
[33mbot_1   | [0m	from /usr/local/bundle/gems/thor-0.19.1/lib/thor.rb:359:in `dispatch'
[36mredis_1 | [0m  .-`` .-```.  ```\/    _.,_ ''-._                                   
[33mbot_1   | [0m	from /usr/local/bundle/gems/thor-0.19.1/lib/thor/base.rb:440:in `start'
[33mbot_1   | [0m	from /usr/local/bundle/gems/lita-4.7.0/bin/lita:6:in `<top (required)>'
[36mredis_1 | [0m (    '      ,       .-`  | `,    )     Running in standalone mode
[36mredis_1 | [0m |`-._`-...-` __...-.``-._|'` _.-'|     Port: 6379
[33mbot_1   | [0m	from /usr/local/bundle/bin/lita:16:in `load'
[36mredis_1 | [0m |    `-._   `._    /     _.-'    |     PID: 1
[36mredis_1 | [0m  `-._    `-._  `-./  _.-'    _.-'                                   
[33mbot_1   | [0m	from /usr/local/bundle/bin/lita:16:in `<main>'
[36mredis_1 | [0m |`-._`-._    `-.__.-'    _.-'_.-'|                                  
[36mredis_1 | [0m |    `-._`-._        _.-'_.-'    |           http://redis.io        
[36mredis_1 | [0m  `-._    `-._`-.__.-'_.-'    _.-'                                   
[33mbot_1   | [0m/usr/local/lib/ruby/gems/2.3.0/gems/bundler-1.11.2/lib/bundler/runtime.rb:80:in `rescue in block (2 levels) in require': There was an error while trying to load the gem 'lita-zabbix'. (Bundler::GemRequireError)
[36mredis_1 | [0m |`-._`-._    `-.__.-'    _.-'_.-'|                                  
[36mredis_1 | [0m |    `-._`-._        _.-'_.-'    |                                  
[33mbot_1   | [0m	from /usr/local/lib/ruby/gems/2.3.0/gems/bundler-1.11.2/lib/bundler/runtime.rb:76:in `block (2 levels) in require'
[36mredis_1 | [0m  `-._    `-._`-.__.-'_.-'    _.-'                                   
[33mbot_1   | [0m	from /usr/local/lib/ruby/gems/2.3.0/gems/bundler-1.11.2/lib/bundler/runtime.rb:72:in `each'
[36mredis_1 | [0m      `-._    `-.__.-'    _.-'                                       
[33mbot_1   | [0m	from /usr/local/lib/ruby/gems/2.3.0/gems/bundler-1.11.2/lib/bundler/runtime.rb:72:in `block in require'
[33mbot_1   | [0m	from /usr/local/lib/ruby/gems/2.3.0/gems/bundler-1.11.2/lib/bundler/runtime.rb:61:in `each'
[36mredis_1 | [0m          `-._        _.-'                                           
[36mredis_1 | [0m              `-.__.-'                                               
[33mbot_1   | [0m	from /usr/local/lib/ruby/gems/2.3.0/gems/bundler-1.11.2/lib/bundler/runtime.rb:61:in `require'
[36mredis_1 | [0m
[36mredis_1 | [0m1:M 07 Apr 23:05:42.700 # WARNING: The TCP backlog setting of 511 cannot be enforced because /proc/sys/net/core/somaxconn is set to the lower value of 128.
[36mredis_1 | [0m1:M 07 Apr 23:05:42.700 # Server started, Redis version 3.0.7
[36mredis_1 | [0m1:M 07 Apr 23:05:42.700 # WARNING overcommit_memory is set to 0! Background save may fail under low memory condition. To fix this issue add 'vm.overcommit_memory = 1' to /etc/sysctl.conf and then reboot or run the command 'sysctl vm.overcommit_memory=1' for this to take effect.
[36mredis_1 | [0m1:M 07 Apr 23:05:42.700 # WARNING you have Transparent Huge Pages (THP) support enabled in your kernel. This will create latency and memory usage issues with Redis. To fix this issue run the command 'echo never > /sys/kernel/mm/transparent_hugepage/enabled' as root, and add it to your /etc/rc.local in order to retain the setting after a reboot. Redis must be restarted after THP is disabled.
[33mbot_1   | [0m	from /usr/local/lib/ruby/gems/2.3.0/gems/bundler-1.11.2/lib/bundler.rb:99:in `require'
[33mbot_1   | [0m	from /usr/local/bundle/gems/lita-4.7.0/lib/lita/cli.rb:61:in `start'
[33mbot_1   | [0m	from /usr/local/bundle/gems/thor-0.19.1/lib/thor/command.rb:27:in `run'
[36mredis_1 | [0m1:M 07 Apr 23:05:42.705 * DB loaded from disk: 0.005 seconds
[33mbot_1   | [0m	from /usr/local/bundle/gems/thor-0.19.1/lib/thor/invocation.rb:126:in `invoke_command'
[33mbot_1   | [0m	from /usr/local/bundle/gems/thor-0.19.1/lib/thor.rb:359:in `dispatch'
[33mbot_1   | [0m	from /usr/local/bundle/gems/thor-0.19.1/lib/thor/base.rb:440:in `start'
[36mredis_1 | [0m1:M 07 Apr 23:05:42.705 * The server is now ready to accept connections on port 6379
[33mbot_1   | [0m	from /usr/local/bundle/gems/lita-4.7.0/bin/lita:6:in `<top (required)>'
[36mredis_1 | [0m1:C 09 Apr 06:00:31.382 # Warning: no config file specified, using the default config. In order to specify a config file use redis-server /path/to/redis.conf
[33mbot_1   | [0m	from /usr/local/bundle/bin/lita:16:in `load'
[36mredis_1 | [0m                _._                                                  
[36mredis_1 | [0m           _.-``__ ''-._                                             
[33mbot_1   | [0m	from /usr/local/bundle/bin/lita:16:in `<main>'
[36mredis_1 | [0m      _.-``    `.  `_.  ''-._           Redis 3.0.7 (00000000/0) 64 bit
[33mbot_1   | [0m/usr/local/lib/ruby/gems/2.3.0/gems/bundler-1.11.2/lib/bundler/runtime.rb:80:in `rescue in block (2 levels) in require': There was an error while trying to load the gem 'lita-zabbix'. (Bundler::GemRequireError)
[36mredis_1 | [0m  .-`` .-```.  ```\/    _.,_ ''-._                                   
[33mbot_1   | [0m	from /usr/local/lib/ruby/gems/2.3.0/gems/bundler-1.11.2/lib/bundler/runtime.rb:76:in `block (2 levels) in require'
[36mredis_1 | [0m (    '      ,       .-`  | `,    )     Running in standalone mode
[33mbot_1   | [0m	from /usr/local/lib/ruby/gems/2.3.0/gems/bundler-1.11.2/lib/bundler/runtime.rb:72:in `each'
[36mredis_1 | [0m |`-._`-...-` __...-.``-._|'` _.-'|     Port: 6379
[36mredis_1 | [0m |    `-._   `._    /     _.-'    |     PID: 1
[33mbot_1   | [0m	from /usr/local/lib/ruby/gems/2.3.0/gems/bundler-1.11.2/lib/bundler/runtime.rb:72:in `block in require'
[36mredis_1 | [0m  `-._    `-._  `-./  _.-'    _.-'                                   
[36mredis_1 | [0m |`-._`-._    `-.__.-'    _.-'_.-'|                                  
[33mbot_1   | [0m	from /usr/local/lib/ruby/gems/2.3.0/gems/bundler-1.11.2/lib/bundler/runtime.rb:61:in `each'
[36mredis_1 | [0m |    `-._`-._        _.-'_.-'    |           http://redis.io        
[33mbot_1   | [0m	from /usr/local/lib/ruby/gems/2.3.0/gems/bundler-1.11.2/lib/bundler/runtime.rb:61:in `require'
[36mredis_1 | [0m  `-._    `-._`-.__.-'_.-'    _.-'                                   
[33mbot_1   | [0m	from /usr/local/lib/ruby/gems/2.3.0/gems/bundler-1.11.2/lib/bundler.rb:99:in `require'
[36mredis_1 | [0m |`-._`-._    `-.__.-'    _.-'_.-'|                                  
[33mbot_1   | [0m	from /usr/local/bundle/gems/lita-4.7.0/lib/lita/cli.rb:61:in `start'
[36mredis_1 | [0m |    `-._`-._        _.-'_.-'    |                                  
[33mbot_1   | [0m	from /usr/local/bundle/gems/thor-0.19.1/lib/thor/command.rb:27:in `run'
[33mbot_1   | [0m	from /usr/local/bundle/gems/thor-0.19.1/lib/thor/invocation.rb:126:in `invoke_command'
[36mredis_1 | [0m  `-._    `-._`-.__.-'_.-'    _.-'                                   
[36mredis_1 | [0m      `-._    `-.__.-'    _.-'                                       
[33mbot_1   | [0m	from /usr/local/bundle/gems/thor-0.19.1/lib/thor.rb:359:in `dispatch'
[33mbot_1   | [0m	from /usr/local/bundle/gems/thor-0.19.1/lib/thor/base.rb:440:in `start'
[36mredis_1 | [0m          `-._        _.-'                                           
[33mbot_1   | [0m	from /usr/local/bundle/gems/lita-4.7.0/bin/lita:6:in `<top (required)>'
[36mredis_1 | [0m              `-.__.-'                                               
[36mredis_1 | [0m
[33mbot_1   | [0m	from /usr/local/bundle/bin/lita:16:in `load'
[33mbot_1   | [0m	from /usr/local/bundle/bin/lita:16:in `<main>'
[36mredis_1 | [0m1:M 09 Apr 06:00:31.384 # WARNING: The TCP backlog setting of 511 cannot be enforced because /proc/sys/net/core/somaxconn is set to the lower value of 128.
[33mbot_1   | [0m/usr/local/lib/ruby/gems/2.3.0/gems/bundler-1.11.2/lib/bundler/runtime.rb:80:in `rescue in block (2 levels) in require': There was an error while trying to load the gem 'lita-zabbix'. (Bundler::GemRequireError)
[36mredis_1 | [0m1:M 09 Apr 06:00:31.384 # Server started, Redis version 3.0.7
[33mbot_1   | [0m	from /usr/local/lib/ruby/gems/2.3.0/gems/bundler-1.11.2/lib/bundler/runtime.rb:76:in `block (2 levels) in require'
[33mbot_1   | [0m	from /usr/local/lib/ruby/gems/2.3.0/gems/bundler-1.11.2/lib/bundler/runtime.rb:72:in `each'
[33mbot_1   | [0m	from /usr/local/lib/ruby/gems/2.3.0/gems/bundler-1.11.2/lib/bundler/runtime.rb:72:in `block in require'
[33mbot_1   | [0m	from /usr/local/lib/ruby/gems/2.3.0/gems/bundler-1.11.2/lib/bundler/runtime.rb:61:in `each'
[36mredis_1 | [0m1:M 09 Apr 06:00:31.385 # WARNING overcommit_memory is set to 0! Background save may fail under low memory condition. To fix this issue add 'vm.overcommit_memory = 1' to /etc/sysctl.conf and then reboot or run the command 'sysctl vm.overcommit_memory=1' for this to take effect.
[36mredis_1 | [0m1:M 09 Apr 06:00:31.385 # WARNING you have Transparent Huge Pages (THP) support enabled in your kernel. This will create latency and memory usage issues with Redis. To fix this issue run the command 'echo never > /sys/kernel/mm/transparent_hugepage/enabled' as root, and add it to your /etc/rc.local in order to retain the setting after a reboot. Redis must be restarted after THP is disabled.
[36mredis_1 | [0m1:M 09 Apr 06:00:31.391 * DB loaded from disk: 0.006 seconds
[33mbot_1   | [0m	from /usr/local/lib/ruby/gems/2.3.0/gems/bundler-1.11.2/lib/bundler/runtime.rb:61:in `require'
[33mbot_1   | [0m	from /usr/local/lib/ruby/gems/2.3.0/gems/bundler-1.11.2/lib/bundler.rb:99:in `require'
[33mbot_1   | [0m	from /usr/local/bundle/gems/lita-4.7.0/lib/lita/cli.rb:61:in `start'
[33mbot_1   | [0m	from /usr/local/bundle/gems/thor-0.19.1/lib/thor/command.rb:27:in `run'
[36mredis_1 | [0m1:M 09 Apr 06:00:31.391 * The server is now ready to accept connections on port 6379
[33mbot_1   | [0m	from /usr/local/bundle/gems/thor-0.19.1/lib/thor/invocation.rb:126:in `invoke_command'
[36mredis_1 | [0m1:signal-handler (1460181644) Received SIGTERM scheduling shutdown...
[33mbot_1   | [0m	from /usr/local/bundle/gems/thor-0.19.1/lib/thor.rb:359:in `dispatch'
[33mbot_1   | [0m	from /usr/local/bundle/gems/thor-0.19.1/lib/thor/base.rb:440:in `start'
[36mredis_1 | [0m1:M 09 Apr 06:00:44.717 # User requested shutdown...
[33mbot_1   | [0m	from /usr/local/bundle/gems/lita-4.7.0/bin/lita:6:in `<top (required)>'
[36mredis_1 | [0m1:M 09 Apr 06:00:44.717 * Saving the final RDB snapshot before exiting.
[36mredis_1 | [0m1:M 09 Apr 06:00:44.720 * DB saved on disk
[33mbot_1   | [0m	from /usr/local/bundle/bin/lita:16:in `load'
[33mbot_1   | [0m	from /usr/local/bundle/bin/lita:16:in `<main>'
[33mbot_1   | [0m/usr/local/lib/ruby/gems/2.3.0/gems/bundler-1.11.2/lib/bundler/runtime.rb:80:in `rescue in block (2 levels) in require': There was an error while trying to load the gem 'lita-replication-fixing'. (Bundler::GemRequireError)
[33mbot_1   | [0m	from /usr/local/lib/ruby/gems/2.3.0/gems/bundler-1.11.2/lib/bundler/runtime.rb:76:in `block (2 levels) in require'
[33mbot_1   | [0m	from /usr/local/lib/ruby/gems/2.3.0/gems/bundler-1.11.2/lib/bundler/runtime.rb:72:in `each'
[36mredis_1 | [0m1:M 09 Apr 06:00:44.721 # Redis is now ready to exit, bye bye...
[36mredis_1 | [0m1:C 11 Apr 16:01:41.990 # Warning: no config file specified, using the default config. In order to specify a config file use redis-server /path/to/redis.conf
[33mbot_1   | [0m	from /usr/local/lib/ruby/gems/2.3.0/gems/bundler-1.11.2/lib/bundler/runtime.rb:72:in `block in require'
[36mredis_1 | [0m                _._                                                  
[36mredis_1 | [0m           _.-``__ ''-._                                             
[33mbot_1   | [0m	from /usr/local/lib/ruby/gems/2.3.0/gems/bundler-1.11.2/lib/bundler/runtime.rb:61:in `each'
[36mredis_1 | [0m      _.-``    `.  `_.  ''-._           Redis 3.0.7 (00000000/0) 64 bit
[36mredis_1 | [0m  .-`` .-```.  ```\/    _.,_ ''-._                                   
[36mredis_1 | [0m (    '      ,       .-`  | `,    )     Running in standalone mode
[33mbot_1   | [0m	from /usr/local/lib/ruby/gems/2.3.0/gems/bundler-1.11.2/lib/bundler/runtime.rb:61:in `require'
[36mredis_1 | [0m |`-._`-...-` __...-.``-._|'` _.-'|     Port: 6379
[33mbot_1   | [0m	from /usr/local/lib/ruby/gems/2.3.0/gems/bundler-1.11.2/lib/bundler.rb:99:in `require'
[36mredis_1 | [0m |    `-._   `._    /     _.-'    |     PID: 1
[33mbot_1   | [0m	from /usr/local/bundle/gems/lita-4.7.0/lib/lita/cli.rb:61:in `start'
[33mbot_1   | [0m	from /usr/local/bundle/gems/thor-0.19.1/lib/thor/command.rb:27:in `run'
[36mredis_1 | [0m  `-._    `-._  `-./  _.-'    _.-'                                   
[33mbot_1   | [0m	from /usr/local/bundle/gems/thor-0.19.1/lib/thor/invocation.rb:126:in `invoke_command'
[36mredis_1 | [0m |`-._`-._    `-.__.-'    _.-'_.-'|                                  
[33mbot_1   | [0m	from /usr/local/bundle/gems/thor-0.19.1/lib/thor.rb:359:in `dispatch'
[36mredis_1 | [0m |    `-._`-._        _.-'_.-'    |           http://redis.io        
[33mbot_1   | [0m	from /usr/local/bundle/gems/thor-0.19.1/lib/thor/base.rb:440:in `start'
[36mredis_1 | [0m  `-._    `-._`-.__.-'_.-'    _.-'                                   
[33mbot_1   | [0m	from /usr/local/bundle/gems/lita-4.7.0/bin/lita:6:in `<top (required)>'
[36mredis_1 | [0m |`-._`-._    `-.__.-'    _.-'_.-'|                                  
[33mbot_1   | [0m	from /usr/local/bundle/bin/lita:16:in `load'
[33mbot_1   | [0m	from /usr/local/bundle/bin/lita:16:in `<main>'
[33mbot_1   | [0m/usr/local/lib/ruby/gems/2.3.0/gems/bundler-1.11.2/lib/bundler/runtime.rb:80:in `rescue in block (2 levels) in require': There was an error while trying to load the gem 'lita-replication-fixing'. (Bundler::GemRequireError)
[36mredis_1 | [0m |    `-._`-._        _.-'_.-'    |                                  
[36mredis_1 | [0m  `-._    `-._`-.__.-'_.-'    _.-'                                   
[36mredis_1 | [0m      `-._    `-.__.-'    _.-'                                       
[33mbot_1   | [0m	from /usr/local/lib/ruby/gems/2.3.0/gems/bundler-1.11.2/lib/bundler/runtime.rb:76:in `block (2 levels) in require'
[36mredis_1 | [0m          `-._        _.-'                                           
[33mbot_1   | [0m	from /usr/local/lib/ruby/gems/2.3.0/gems/bundler-1.11.2/lib/bundler/runtime.rb:72:in `each'
[36mredis_1 | [0m              `-.__.-'                                               
[33mbot_1   | [0m	from /usr/local/lib/ruby/gems/2.3.0/gems/bundler-1.11.2/lib/bundler/runtime.rb:72:in `block in require'
[33mbot_1   | [0m	from /usr/local/lib/ruby/gems/2.3.0/gems/bundler-1.11.2/lib/bundler/runtime.rb:61:in `each'
[36mredis_1 | [0m
[33mbot_1   | [0m	from /usr/local/lib/ruby/gems/2.3.0/gems/bundler-1.11.2/lib/bundler/runtime.rb:61:in `require'
[36mredis_1 | [0m1:M 11 Apr 16:01:41.994 # WARNING: The TCP backlog setting of 511 cannot be enforced because /proc/sys/net/core/somaxconn is set to the lower value of 128.
[33mbot_1   | [0m	from /usr/local/lib/ruby/gems/2.3.0/gems/bundler-1.11.2/lib/bundler.rb:99:in `require'
[36mredis_1 | [0m1:M 11 Apr 16:01:41.994 # Server started, Redis version 3.0.7
[36mredis_1 | [0m1:M 11 Apr 16:01:41.994 # WARNING overcommit_memory is set to 0! Background save may fail under low memory condition. To fix this issue add 'vm.overcommit_memory = 1' to /etc/sysctl.conf and then reboot or run the command 'sysctl vm.overcommit_memory=1' for this to take effect.
[36mredis_1 | [0m1:M 11 Apr 16:01:41.994 # WARNING you have Transparent Huge Pages (THP) support enabled in your kernel. This will create latency and memory usage issues with Redis. To fix this issue run the command 'echo never > /sys/kernel/mm/transparent_hugepage/enabled' as root, and add it to your /etc/rc.local in order to retain the setting after a reboot. Redis must be restarted after THP is disabled.
[36mredis_1 | [0m1:M 11 Apr 16:01:41.994 * DB loaded from disk: 0.001 seconds
[33mbot_1   | [0m	from /usr/local/bundle/gems/lita-4.7.0/lib/lita/cli.rb:61:in `start'
[36mredis_1 | [0m1:M 11 Apr 16:01:41.994 * The server is now ready to accept connections on port 6379
[33mbot_1   | [0m	from /usr/local/bundle/gems/thor-0.19.1/lib/thor/command.rb:27:in `run'
[36mredis_1 | [0m1:C 11 Apr 16:17:07.213 # Warning: no config file specified, using the default config. In order to specify a config file use redis-server /path/to/redis.conf
[33mbot_1   | [0m	from /usr/local/bundle/gems/thor-0.19.1/lib/thor/invocation.rb:126:in `invoke_command'
[33mbot_1   | [0m	from /usr/local/bundle/gems/thor-0.19.1/lib/thor.rb:359:in `dispatch'
[33mbot_1   | [0m	from /usr/local/bundle/gems/thor-0.19.1/lib/thor/base.rb:440:in `start'
[36mredis_1 | [0m                _._                                                  
[36mredis_1 | [0m           _.-``__ ''-._                                             
[36mredis_1 | [0m      _.-``    `.  `_.  ''-._           Redis 3.0.7 (00000000/0) 64 bit
[33mbot_1   | [0m	from /usr/local/bundle/gems/lita-4.7.0/bin/lita:6:in `<top (required)>'
[36mredis_1 | [0m  .-`` .-```.  ```\/    _.,_ ''-._                                   
[33mbot_1   | [0m	from /usr/local/bundle/bin/lita:16:in `load'
[36mredis_1 | [0m (    '      ,       .-`  | `,    )     Running in standalone mode
[36mredis_1 | [0m |`-._`-...-` __...-.``-._|'` _.-'|     Port: 6379
[33mbot_1   | [0m	from /usr/local/bundle/bin/lita:16:in `<main>'
[36mredis_1 | [0m |    `-._   `._    /     _.-'    |     PID: 1
[33mbot_1   | [0m/usr/local/lib/ruby/gems/2.3.0/gems/bundler-1.11.2/lib/bundler/runtime.rb:80:in `rescue in block (2 levels) in require': There was an error while trying to load the gem 'lita-zabbix'. (Bundler::GemRequireError)
[36mredis_1 | [0m  `-._    `-._  `-./  _.-'    _.-'                                   
[36mredis_1 | [0m |`-._`-._    `-.__.-'    _.-'_.-'|                                  
[33mbot_1   | [0m	from /usr/local/lib/ruby/gems/2.3.0/gems/bundler-1.11.2/lib/bundler/runtime.rb:76:in `block (2 levels) in require'
[36mredis_1 | [0m |    `-._`-._        _.-'_.-'    |           http://redis.io        
[33mbot_1   | [0m	from /usr/local/lib/ruby/gems/2.3.0/gems/bundler-1.11.2/lib/bundler/runtime.rb:72:in `each'
[36mredis_1 | [0m  `-._    `-._`-.__.-'_.-'    _.-'                                   
[36mredis_1 | [0m |`-._`-._    `-.__.-'    _.-'_.-'|                                  
[33mbot_1   | [0m	from /usr/local/lib/ruby/gems/2.3.0/gems/bundler-1.11.2/lib/bundler/runtime.rb:72:in `block in require'
[33mbot_1   | [0m	from /usr/local/lib/ruby/gems/2.3.0/gems/bundler-1.11.2/lib/bundler/runtime.rb:61:in `each'
[33mbot_1   | [0m	from /usr/local/lib/ruby/gems/2.3.0/gems/bundler-1.11.2/lib/bundler/runtime.rb:61:in `require'
[33mbot_1   | [0m	from /usr/local/lib/ruby/gems/2.3.0/gems/bundler-1.11.2/lib/bundler.rb:99:in `require'
[33mbot_1   | [0m	from /usr/local/bundle/gems/lita-4.7.0/lib/lita/cli.rb:61:in `start'
[36mredis_1 | [0m |    `-._`-._        _.-'_.-'    |                                  
[33mbot_1   | [0m	from /usr/local/bundle/gems/thor-0.19.1/lib/thor/command.rb:27:in `run'
[36mredis_1 | [0m  `-._    `-._`-.__.-'_.-'    _.-'                                   
[36mredis_1 | [0m      `-._    `-.__.-'    _.-'                                       
[36mredis_1 | [0m          `-._        _.-'                                           
[33mbot_1   | [0m	from /usr/local/bundle/gems/thor-0.19.1/lib/thor/invocation.rb:126:in `invoke_command'
[36mredis_1 | [0m              `-.__.-'                                               
[36mredis_1 | [0m
[33mbot_1   | [0m	from /usr/local/bundle/gems/thor-0.19.1/lib/thor.rb:359:in `dispatch'
[36mredis_1 | [0m1:M 11 Apr 16:17:07.215 # WARNING: The TCP backlog setting of 511 cannot be enforced because /proc/sys/net/core/somaxconn is set to the lower value of 128.
[33mbot_1   | [0m	from /usr/local/bundle/gems/thor-0.19.1/lib/thor/base.rb:440:in `start'
[36mredis_1 | [0m1:M 11 Apr 16:17:07.215 # Server started, Redis version 3.0.7
[33mbot_1   | [0m	from /usr/local/bundle/gems/lita-4.7.0/bin/lita:6:in `<top (required)>'
[33mbot_1   | [0m	from /usr/local/bundle/bin/lita:16:in `load'
[36mredis_1 | [0m1:M 11 Apr 16:17:07.215 # WARNING overcommit_memory is set to 0! Background save may fail under low memory condition. To fix this issue add 'vm.overcommit_memory = 1' to /etc/sysctl.conf and then reboot or run the command 'sysctl vm.overcommit_memory=1' for this to take effect.
[33mbot_1   | [0m	from /usr/local/bundle/bin/lita:16:in `<main>'
[33mbot_1   | [0m/usr/local/bundle/bin/lita:16:in `load': /app/plugins/lita-zabbix/lib/lita/handlers/zabbix.rb:170: dynamic constant assignment (SyntaxError)
[33mbot_1   | [0m/app/plugins/lita-zabbix/lib/lita/handlers/zabbix.rb:306: dynamic constant assignment
[33mbot_1   | [0m	from /usr/local/bundle/bin/lita:16:in `<main>'
[36mredis_1 | [0m1:M 11 Apr 16:17:07.215 # WARNING you have Transparent Huge Pages (THP) support enabled in your kernel. This will create latency and memory usage issues with Redis. To fix this issue run the command 'echo never > /sys/kernel/mm/transparent_hugepage/enabled' as root, and add it to your /etc/rc.local in order to retain the setting after a reboot. Redis must be restarted after THP is disabled.
[33mbot_1   | [0m/usr/local/lib/ruby/gems/2.3.0/gems/bundler-1.11.2/lib/bundler/runtime.rb:80:in `rescue in block (2 levels) in require': There was an error while trying to load the gem 'lita-zabbix'. (Bundler::GemRequireError)
[36mredis_1 | [0m1:M 11 Apr 16:17:07.221 * DB loaded from disk: 0.006 seconds
[36mredis_1 | [0m1:M 11 Apr 16:17:07.221 * The server is now ready to accept connections on port 6379
[33mbot_1   | [0m	from /usr/local/lib/ruby/gems/2.3.0/gems/bundler-1.11.2/lib/bundler/runtime.rb:76:in `block (2 levels) in require'
[36mredis_1 | [0m1:signal-handler (1460391491) Received SIGTERM scheduling shutdown...
[33mbot_1   | [0m	from /usr/local/lib/ruby/gems/2.3.0/gems/bundler-1.11.2/lib/bundler/runtime.rb:72:in `each'
[36mredis_1 | [0m1:M 11 Apr 16:18:11.783 # User requested shutdown...
[33mbot_1   | [0m	from /usr/local/lib/ruby/gems/2.3.0/gems/bundler-1.11.2/lib/bundler/runtime.rb:72:in `block in require'
[36mredis_1 | [0m1:M 11 Apr 16:18:11.783 * Saving the final RDB snapshot before exiting.
[33mbot_1   | [0m	from /usr/local/lib/ruby/gems/2.3.0/gems/bundler-1.11.2/lib/bundler/runtime.rb:61:in `each'
[36mredis_1 | [0m1:M 11 Apr 16:18:11.786 * DB saved on disk
[36mredis_1 | [0m1:M 11 Apr 16:18:11.786 # Redis is now ready to exit, bye bye...
[36mredis_1 | [0m1:C 11 Apr 16:39:15.519 # Warning: no config file specified, using the default config. In order to specify a config file use redis-server /path/to/redis.conf
[33mbot_1   | [0m	from /usr/local/lib/ruby/gems/2.3.0/gems/bundler-1.11.2/lib/bundler/runtime.rb:61:in `require'
[33mbot_1   | [0m	from /usr/local/lib/ruby/gems/2.3.0/gems/bundler-1.11.2/lib/bundler.rb:99:in `require'
[36mredis_1 | [0m                _._                                                  
[36mredis_1 | [0m           _.-``__ ''-._                                             
[36mredis_1 | [0m      _.-``    `.  `_.  ''-._           Redis 3.0.7 (00000000/0) 64 bit
[36mredis_1 | [0m  .-`` .-```.  ```\/    _.,_ ''-._                                   
[33mbot_1   | [0m	from /usr/local/bundle/gems/lita-4.7.0/lib/lita/cli.rb:61:in `start'
[33mbot_1   | [0m	from /usr/local/bundle/gems/thor-0.19.1/lib/thor/command.rb:27:in `run'
[36mredis_1 | [0m (    '      ,       .-`  | `,    )     Running in standalone mode
[33mbot_1   | [0m	from /usr/local/bundle/gems/thor-0.19.1/lib/thor/invocation.rb:126:in `invoke_command'
[33mbot_1   | [0m	from /usr/local/bundle/gems/thor-0.19.1/lib/thor.rb:359:in `dispatch'
[33mbot_1   | [0m	from /usr/local/bundle/gems/thor-0.19.1/lib/thor/base.rb:440:in `start'
[36mredis_1 | [0m |`-._`-...-` __...-.``-._|'` _.-'|     Port: 6379
[33mbot_1   | [0m	from /usr/local/bundle/gems/lita-4.7.0/bin/lita:6:in `<top (required)>'
[36mredis_1 | [0m |    `-._   `._    /     _.-'    |     PID: 1
[33mbot_1   | [0m	from /usr/local/bundle/bin/lita:16:in `load'
[36mredis_1 | [0m  `-._    `-._  `-./  _.-'    _.-'                                   
[33mbot_1   | [0m	from /usr/local/bundle/bin/lita:16:in `<main>'
[36mredis_1 | [0m |`-._`-._    `-.__.-'    _.-'_.-'|                                  
[33mbot_1   | [0m/usr/local/bundle/bin/lita:16:in `load': /app/plugins/lita-zabbix/lib/lita/handlers/zabbix.rb:209: syntax error, unexpected tSYMBEG, expecting '(' (SyntaxError)
[33mbot_1   | [0m      rescue ::Lita::Handlers::Zabbix:MonitorUnpauseFailed
[36mredis_1 | [0m |    `-._`-._        _.-'_.-'    |           http://redis.io        
[33mbot_1   | [0m                                      ^
[36mredis_1 | [0m  `-._    `-._`-.__.-'_.-'    _.-'                                   
[36mredis_1 | [0m |`-._`-._    `-.__.-'    _.-'_.-'|                                  
[36mredis_1 | [0m |    `-._`-._        _.-'_.-'    |                                  
[33mbot_1   | [0m	from /usr/local/bundle/bin/lita:16:in `<main>'
[36mredis_1 | [0m  `-._    `-._`-.__.-'_.-'    _.-'                                   
[36mredis_1 | [0m      `-._    `-.__.-'    _.-'                                       
[36mredis_1 | [0m          `-._        _.-'                                           
[36mredis_1 | [0m              `-.__.-'                                               
[36mredis_1 | [0m
[36mredis_1 | [0m1:M 11 Apr 16:39:15.522 # WARNING: The TCP backlog setting of 511 cannot be enforced because /proc/sys/net/core/somaxconn is set to the lower value of 128.
[36mredis_1 | [0m1:M 11 Apr 16:39:15.522 # Server started, Redis version 3.0.7
[36mredis_1 | [0m1:M 11 Apr 16:39:15.522 # WARNING overcommit_memory is set to 0! Background save may fail under low memory condition. To fix this issue add 'vm.overcommit_memory = 1' to /etc/sysctl.conf and then reboot or run the command 'sysctl vm.overcommit_memory=1' for this to take effect.
[36mredis_1 | [0m1:M 11 Apr 16:39:15.522 # WARNING you have Transparent Huge Pages (THP) support enabled in your kernel. This will create latency and memory usage issues with Redis. To fix this issue run the command 'echo never > /sys/kernel/mm/transparent_hugepage/enabled' as root, and add it to your /etc/rc.local in order to retain the setting after a reboot. Redis must be restarted after THP is disabled.
[36mredis_1 | [0m1:M 11 Apr 16:39:15.522 * DB loaded from disk: 0.000 seconds
[36mredis_1 | [0m1:M 11 Apr 16:39:15.522 * The server is now ready to accept connections on port 6379
[36mredis_1 | [0m1:C 11 Apr 16:41:47.176 # Warning: no config file specified, using the default config. In order to specify a config file use redis-server /path/to/redis.conf
[36mredis_1 | [0m                _._                                                  
[36mredis_1 | [0m           _.-``__ ''-._                                             
[36mredis_1 | [0m      _.-``    `.  `_.  ''-._           Redis 3.0.7 (00000000/0) 64 bit
[36mredis_1 | [0m  .-`` .-```.  ```\/    _.,_ ''-._                                   
[36mredis_1 | [0m (    '      ,       .-`  | `,    )     Running in standalone mode
[36mredis_1 | [0m |`-._`-...-` __...-.``-._|'` _.-'|     Port: 6379
[36mredis_1 | [0m |    `-._   `._    /     _.-'    |     PID: 1
[36mredis_1 | [0m  `-._    `-._  `-./  _.-'    _.-'                                   
[36mredis_1 | [0m |`-._`-._    `-.__.-'    _.-'_.-'|                                  
[36mredis_1 | [0m |    `-._`-._        _.-'_.-'    |           http://redis.io        
[36mredis_1 | [0m  `-._    `-._`-.__.-'_.-'    _.-'                                   
[36mredis_1 | [0m |`-._`-._    `-.__.-'    _.-'_.-'|                                  
[36mredis_1 | [0m |    `-._`-._        _.-'_.-'    |                                  
[36mredis_1 | [0m  `-._    `-._`-.__.-'_.-'    _.-'                                   
[36mredis_1 | [0m      `-._    `-.__.-'    _.-'                                       
[36mredis_1 | [0m          `-._        _.-'                                           
[36mredis_1 | [0m              `-.__.-'                                               
[36mredis_1 | [0m
[36mredis_1 | [0m1:M 11 Apr 16:41:47.183 # WARNING: The TCP backlog setting of 511 cannot be enforced because /proc/sys/net/core/somaxconn is set to the lower value of 128.
[36mredis_1 | [0m1:M 11 Apr 16:41:47.184 # Server started, Redis version 3.0.7
[36mredis_1 | [0m1:M 11 Apr 16:41:47.184 # WARNING overcommit_memory is set to 0! Background save may fail under low memory condition. To fix this issue add 'vm.overcommit_memory = 1' to /etc/sysctl.conf and then reboot or run the command 'sysctl vm.overcommit_memory=1' for this to take effect.
[36mredis_1 | [0m1:M 11 Apr 16:41:47.184 # WARNING you have Transparent Huge Pages (THP) support enabled in your kernel. This will create latency and memory usage issues with Redis. To fix this issue run the command 'echo never > /sys/kernel/mm/transparent_hugepage/enabled' as root, and add it to your /etc/rc.local in order to retain the setting after a reboot. Redis must be restarted after THP is disabled.
[36mredis_1 | [0m1:M 11 Apr 16:41:47.200 * DB loaded from disk: 0.016 seconds
[36mredis_1 | [0m1:M 11 Apr 16:41:47.200 * The server is now ready to accept connections on port 6379
[36mredis_1 | [0m1:C 11 Apr 17:27:37.495 # Warning: no config file specified, using the default config. In order to specify a config file use redis-server /path/to/redis.conf
[36mredis_1 | [0m                _._                                                  
[36mredis_1 | [0m           _.-``__ ''-._                                             
[36mredis_1 | [0m      _.-``    `.  `_.  ''-._           Redis 3.0.7 (00000000/0) 64 bit
[36mredis_1 | [0m  .-`` .-```.  ```\/    _.,_ ''-._                                   
[36mredis_1 | [0m (    '      ,       .-`  | `,    )     Running in standalone mode
[36mredis_1 | [0m |`-._`-...-` __...-.``-._|'` _.-'|     Port: 6379
[36mredis_1 | [0m |    `-._   `._    /     _.-'    |     PID: 1
[36mredis_1 | [0m  `-._    `-._  `-./  _.-'    _.-'                                   
[36mredis_1 | [0m |`-._`-._    `-.__.-'    _.-'_.-'|                                  
[36mredis_1 | [0m |    `-._`-._        _.-'_.-'    |           http://redis.io        
[36mredis_1 | [0m  `-._    `-._`-.__.-'_.-'    _.-'                                   
[36mredis_1 | [0m |`-._`-._    `-.__.-'    _.-'_.-'|                                  
[36mredis_1 | [0m |    `-._`-._        _.-'_.-'    |                                  
[36mredis_1 | [0m  `-._    `-._`-.__.-'_.-'    _.-'                                   
[36mredis_1 | [0m      `-._    `-.__.-'    _.-'                                       
[36mredis_1 | [0m          `-._        _.-'                                           
[36mredis_1 | [0m              `-.__.-'                                               
[36mredis_1 | [0m
[36mredis_1 | [0m1:M 11 Apr 17:27:37.502 # WARNING: The TCP backlog setting of 511 cannot be enforced because /proc/sys/net/core/somaxconn is set to the lower value of 128.
[36mredis_1 | [0m1:M 11 Apr 17:27:37.502 # Server started, Redis version 3.0.7
[36mredis_1 | [0m1:M 11 Apr 17:27:37.502 # WARNING overcommit_memory is set to 0! Background save may fail under low memory condition. To fix this issue add 'vm.overcommit_memory = 1' to /etc/sysctl.conf and then reboot or run the command 'sysctl vm.overcommit_memory=1' for this to take effect.
[36mredis_1 | [0m1:M 11 Apr 17:27:37.503 # WARNING you have Transparent Huge Pages (THP) support enabled in your kernel. This will create latency and memory usage issues with Redis. To fix this issue run the command 'echo never > /sys/kernel/mm/transparent_hugepage/enabled' as root, and add it to your /etc/rc.local in order to retain the setting after a reboot. Redis must be restarted after THP is disabled.
[36mredis_1 | [0m1:M 11 Apr 17:27:37.512 * DB loaded from disk: 0.010 seconds
[36mredis_1 | [0m1:M 11 Apr 17:27:37.512 * The server is now ready to accept connections on port 6379
[36mredis_1 | [0m1:C 11 Apr 20:30:38.319 # Warning: no config file specified, using the default config. In order to specify a config file use redis-server /path/to/redis.conf
[36mredis_1 | [0m                _._                                                  
[36mredis_1 | [0m           _.-``__ ''-._                                             
[36mredis_1 | [0m      _.-``    `.  `_.  ''-._           Redis 3.0.7 (00000000/0) 64 bit
[36mredis_1 | [0m  .-`` .-```.  ```\/    _.,_ ''-._                                   
[36mredis_1 | [0m (    '      ,       .-`  | `,    )     Running in standalone mode
[36mredis_1 | [0m |`-._`-...-` __...-.``-._|'` _.-'|     Port: 6379
[36mredis_1 | [0m |    `-._   `._    /     _.-'    |     PID: 1
[36mredis_1 | [0m  `-._    `-._  `-./  _.-'    _.-'                                   
[36mredis_1 | [0m |`-._`-._    `-.__.-'    _.-'_.-'|                                  
[36mredis_1 | [0m |    `-._`-._        _.-'_.-'    |           http://redis.io        
[36mredis_1 | [0m  `-._    `-._`-.__.-'_.-'    _.-'                                   
[36mredis_1 | [0m |`-._`-._    `-.__.-'    _.-'_.-'|                                  
[36mredis_1 | [0m |    `-._`-._        _.-'_.-'    |                                  
[36mredis_1 | [0m  `-._    `-._`-.__.-'_.-'    _.-'                                   
[36mredis_1 | [0m      `-._    `-.__.-'    _.-'                                       
[36mredis_1 | [0m          `-._        _.-'                                           
[36mredis_1 | [0m              `-.__.-'                                               
[36mredis_1 | [0m
[36mredis_1 | [0m1:M 11 Apr 20:30:38.326 # WARNING: The TCP backlog setting of 511 cannot be enforced because /proc/sys/net/core/somaxconn is set to the lower value of 128.
[36mredis_1 | [0m1:M 11 Apr 20:30:38.326 # Server started, Redis version 3.0.7
[36mredis_1 | [0m1:M 11 Apr 20:30:38.326 # WARNING overcommit_memory is set to 0! Background save may fail under low memory condition. To fix this issue add 'vm.overcommit_memory = 1' to /etc/sysctl.conf and then reboot or run the command 'sysctl vm.overcommit_memory=1' for this to take effect.
[36mredis_1 | [0m1:M 11 Apr 20:30:38.327 # WARNING you have Transparent Huge Pages (THP) support enabled in your kernel. This will create latency and memory usage issues with Redis. To fix this issue run the command 'echo never > /sys/kernel/mm/transparent_hugepage/enabled' as root, and add it to your /etc/rc.local in order to retain the setting after a reboot. Redis must be restarted after THP is disabled.
[36mredis_1 | [0m1:M 11 Apr 20:30:38.332 * DB loaded from disk: 0.006 seconds
[36mredis_1 | [0m1:M 11 Apr 20:30:38.332 * The server is now ready to accept connections on port 6379
[36mredis_1 | [0m1:signal-handler (1460406826) Received SIGTERM scheduling shutdown...
[36mredis_1 | [0m1:M 11 Apr 20:33:46.966 # User requested shutdown...
[36mredis_1 | [0m1:M 11 Apr 20:33:46.966 * Saving the final RDB snapshot before exiting.
[36mredis_1 | [0m1:M 11 Apr 20:33:46.980 * DB saved on disk
[36mredis_1 | [0m1:M 11 Apr 20:33:46.980 # Redis is now ready to exit, bye bye...
[36mredis_1 | [0m1:C 11 Apr 20:33:52.538 # Warning: no config file specified, using the default config. In order to specify a config file use redis-server /path/to/redis.conf
[36mredis_1 | [0m                _._                                                  
[36mredis_1 | [0m           _.-``__ ''-._                                             
[36mredis_1 | [0m      _.-``    `.  `_.  ''-._           Redis 3.0.7 (00000000/0) 64 bit
[36mredis_1 | [0m  .-`` .-```.  ```\/    _.,_ ''-._                                   
[36mredis_1 | [0m (    '      ,       .-`  | `,    )     Running in standalone mode
[36mredis_1 | [0m |`-._`-...-` __...-.``-._|'` _.-'|     Port: 6379
[36mredis_1 | [0m |    `-._   `._    /     _.-'    |     PID: 1
[36mredis_1 | [0m  `-._    `-._  `-./  _.-'    _.-'                                   
[36mredis_1 | [0m |`-._`-._    `-.__.-'    _.-'_.-'|                                  
[36mredis_1 | [0m |    `-._`-._        _.-'_.-'    |           http://redis.io        
[36mredis_1 | [0m  `-._    `-._`-.__.-'_.-'    _.-'                                   
[36mredis_1 | [0m |`-._`-._    `-.__.-'    _.-'_.-'|                                  
[36mredis_1 | [0m |    `-._`-._        _.-'_.-'    |                                  
[36mredis_1 | [0m  `-._    `-._`-.__.-'_.-'    _.-'                                   
[36mredis_1 | [0m      `-._    `-.__.-'    _.-'                                       
[36mredis_1 | [0m          `-._        _.-'                                           
[36mredis_1 | [0m              `-.__.-'                                               
[36mredis_1 | [0m
[36mredis_1 | [0m1:M 11 Apr 20:33:52.541 # WARNING: The TCP backlog setting of 511 cannot be enforced because /proc/sys/net/core/somaxconn is set to the lower value of 128.
[36mredis_1 | [0m1:M 11 Apr 20:33:52.541 # Server started, Redis version 3.0.7
[36mredis_1 | [0m1:M 11 Apr 20:33:52.541 # WARNING overcommit_memory is set to 0! Background save may fail under low memory condition. To fix this issue add 'vm.overcommit_memory = 1' to /etc/sysctl.conf and then reboot or run the command 'sysctl vm.overcommit_memory=1' for this to take effect.
[36mredis_1 | [0m1:M 11 Apr 20:33:52.541 # WARNING you have Transparent Huge Pages (THP) support enabled in your kernel. This will create latency and memory usage issues with Redis. To fix this issue run the command 'echo never > /sys/kernel/mm/transparent_hugepage/enabled' as root, and add it to your /etc/rc.local in order to retain the setting after a reboot. Redis must be restarted after THP is disabled.
[36mredis_1 | [0m1:M 11 Apr 20:33:52.541 * DB loaded from disk: 0.000 seconds
[36mredis_1 | [0m1:M 11 Apr 20:33:52.541 * The server is now ready to accept connections on port 6379
